[27-Aug-2016 14:07:15 UTC] PHP Fatal error:  Class 'AuthComponent' not found in /home/ubuntu/workspace/app/Controller/PostsController.php on line 9
[27-Aug-2016 14:07:15 UTC] PHP Stack trace:
[27-Aug-2016 14:07:15 UTC] PHP   1. {main}() /home/ubuntu/workspace/app/webroot/index.php:0
[27-Aug-2016 14:07:15 UTC] PHP   2. Dispatcher->dispatch() /home/ubuntu/workspace/app/webroot/index.php:110
[27-Aug-2016 14:07:15 UTC] PHP   3. Dispatcher->_invoke() /home/ubuntu/workspace/lib/Cake/Routing/Dispatcher.php:162
[27-Aug-2016 14:07:15 UTC] PHP   4. Controller->invokeAction() /home/ubuntu/workspace/lib/Cake/Routing/Dispatcher.php:187
[27-Aug-2016 14:07:15 UTC] PHP   5. ReflectionMethod->invokeArgs() /home/ubuntu/workspace/lib/Cake/Controller/Controller.php:490
[27-Aug-2016 14:07:15 UTC] PHP   6. PostsController->index() /home/ubuntu/workspace/lib/Cake/Controller/Controller.php:490
[27-Aug-2016 14:44:47 UTC] PHP Fatal error:  Call to a member function success() on a non-object in /home/ubuntu/workspace/app/Controller/PostsController.php on line 28
[27-Aug-2016 14:44:47 UTC] PHP Stack trace:
[27-Aug-2016 14:44:47 UTC] PHP   1. {main}() /home/ubuntu/workspace/app/webroot/index.php:0
[27-Aug-2016 14:44:47 UTC] PHP   2. Dispatcher->dispatch() /home/ubuntu/workspace/app/webroot/index.php:110
[27-Aug-2016 14:44:47 UTC] PHP   3. Dispatcher->_invoke() /home/ubuntu/workspace/lib/Cake/Routing/Dispatcher.php:162
[27-Aug-2016 14:44:47 UTC] PHP   4. Controller->invokeAction() /home/ubuntu/workspace/lib/Cake/Routing/Dispatcher.php:187
[27-Aug-2016 14:44:47 UTC] PHP   5. ReflectionMethod->invokeArgs() /home/ubuntu/workspace/lib/Cake/Controller/Controller.php:490
[27-Aug-2016 14:44:47 UTC] PHP   6. PostsController->add() /home/ubuntu/workspace/lib/Cake/Controller/Controller.php:490
[27-Aug-2016 14:53:31 UTC] PHP Fatal error:  Call to a member function success() on a non-object in /home/ubuntu/workspace/app/Controller/PostsController.php on line 28
[27-Aug-2016 14:53:31 UTC] PHP Stack trace:
[27-Aug-2016 14:53:31 UTC] PHP   1. {main}() /home/ubuntu/workspace/app/webroot/index.php:0
[27-Aug-2016 14:53:31 UTC] PHP   2. Dispatcher->dispatch() /home/ubuntu/workspace/app/webroot/index.php:110
[27-Aug-2016 14:53:31 UTC] PHP   3. Dispatcher->_invoke() /home/ubuntu/workspace/lib/Cake/Routing/Dispatcher.php:162
[27-Aug-2016 14:53:31 UTC] PHP   4. Controller->invokeAction() /home/ubuntu/workspace/lib/Cake/Routing/Dispatcher.php:187
[27-Aug-2016 14:53:31 UTC] PHP   5. ReflectionMethod->invokeArgs() /home/ubuntu/workspace/lib/Cake/Controller/Controller.php:490
[27-Aug-2016 14:53:31 UTC] PHP   6. PostsController->add() /home/ubuntu/workspace/lib/Cake/Controller/Controller.php:490
[27-Aug-2016 14:55:51 UTC] PHP Fatal error:  Call to a member function success() on a non-object in /home/ubuntu/workspace/app/Controller/PostsController.php on line 27
[27-Aug-2016 14:55:51 UTC] PHP Stack trace:
[27-Aug-2016 14:55:51 UTC] PHP   1. {main}() /home/ubuntu/workspace/app/webroot/index.php:0
[27-Aug-2016 14:55:51 UTC] PHP   2. Dispatcher->dispatch() /home/ubuntu/workspace/app/webroot/index.php:110
[27-Aug-2016 14:55:51 UTC] PHP   3. Dispatcher->_invoke() /home/ubuntu/workspace/lib/Cake/Routing/Dispatcher.php:162
[27-Aug-2016 14:55:51 UTC] PHP   4. Controller->invokeAction() /home/ubuntu/workspace/lib/Cake/Routing/Dispatcher.php:187
[27-Aug-2016 14:55:51 UTC] PHP   5. ReflectionMethod->invokeArgs() /home/ubuntu/workspace/lib/Cake/Controller/Controller.php:490
[27-Aug-2016 14:55:51 UTC] PHP   6. PostsController->add() /home/ubuntu/workspace/lib/Cake/Controller/Controller.php:490
[27-Aug-2016 14:56:42 UTC] PHP Fatal error:  Call to a member function success() on a non-object in /home/ubuntu/workspace/app/Controller/PostsController.php on line 27
[27-Aug-2016 14:56:42 UTC] PHP Stack trace:
[27-Aug-2016 14:56:42 UTC] PHP   1. {main}() /home/ubuntu/workspace/app/webroot/index.php:0
[27-Aug-2016 14:56:42 UTC] PHP   2. Dispatcher->dispatch() /home/ubuntu/workspace/app/webroot/index.php:110
[27-Aug-2016 14:56:42 UTC] PHP   3. Dispatcher->_invoke() /home/ubuntu/workspace/lib/Cake/Routing/Dispatcher.php:162
[27-Aug-2016 14:56:42 UTC] PHP   4. Controller->invokeAction() /home/ubuntu/workspace/lib/Cake/Routing/Dispatcher.php:187
[27-Aug-2016 14:56:42 UTC] PHP   5. ReflectionMethod->invokeArgs() /home/ubuntu/workspace/lib/Cake/Controller/Controller.php:490
[27-Aug-2016 14:56:42 UTC] PHP   6. PostsController->add() /home/ubuntu/workspace/lib/Cake/Controller/Controller.php:490
[27-Aug-2016 14:57:11 UTC] PHP Fatal error:  Call to a member function success() on a non-object in /home/ubuntu/workspace/app/Controller/PostsController.php on line 27
[27-Aug-2016 14:57:11 UTC] PHP Stack trace:
[27-Aug-2016 14:57:11 UTC] PHP   1. {main}() /home/ubuntu/workspace/app/webroot/index.php:0
[27-Aug-2016 14:57:11 UTC] PHP   2. Dispatcher->dispatch() /home/ubuntu/workspace/app/webroot/index.php:110
[27-Aug-2016 14:57:11 UTC] PHP   3. Dispatcher->_invoke() /home/ubuntu/workspace/lib/Cake/Routing/Dispatcher.php:162
[27-Aug-2016 14:57:11 UTC] PHP   4. Controller->invokeAction() /home/ubuntu/workspace/lib/Cake/Routing/Dispatcher.php:187
[27-Aug-2016 14:57:11 UTC] PHP   5. ReflectionMethod->invokeArgs() /home/ubuntu/workspace/lib/Cake/Controller/Controller.php:490
[27-Aug-2016 14:57:11 UTC] PHP   6. PostsController->add() /home/ubuntu/workspace/lib/Cake/Controller/Controller.php:490
[27-Aug-2016 15:02:04 UTC] PHP Fatal error:  Call to a member function success() on a non-object in /home/ubuntu/workspace/app/Controller/PostsController.php on line 27
[27-Aug-2016 15:02:04 UTC] PHP Stack trace:
[27-Aug-2016 15:02:04 UTC] PHP   1. {main}() /home/ubuntu/workspace/app/webroot/index.php:0
[27-Aug-2016 15:02:04 UTC] PHP   2. Dispatcher->dispatch() /home/ubuntu/workspace/app/webroot/index.php:110
[27-Aug-2016 15:02:04 UTC] PHP   3. Dispatcher->_invoke() /home/ubuntu/workspace/lib/Cake/Routing/Dispatcher.php:162
[27-Aug-2016 15:02:04 UTC] PHP   4. Controller->invokeAction() /home/ubuntu/workspace/lib/Cake/Routing/Dispatcher.php:187
[27-Aug-2016 15:02:04 UTC] PHP   5. ReflectionMethod->invokeArgs() /home/ubuntu/workspace/lib/Cake/Controller/Controller.php:490
[27-Aug-2016 15:02:04 UTC] PHP   6. PostsController->add() /home/ubuntu/workspace/lib/Cake/Controller/Controller.php:490
[30-Aug-2016 15:18:52 UTC] PHP Fatal error:  Call to undefined method FlashComponent::error() in /home/ubuntu/workspace/app/Controller/PostsController.php on line 30
[30-Aug-2016 15:18:52 UTC] PHP Stack trace:
[30-Aug-2016 15:18:52 UTC] PHP   1. {main}() /home/ubuntu/workspace/app/webroot/index.php:0
[30-Aug-2016 15:18:52 UTC] PHP   2. Dispatcher->dispatch() /home/ubuntu/workspace/app/webroot/index.php:110
[30-Aug-2016 15:18:52 UTC] PHP   3. Dispatcher->_invoke() /home/ubuntu/workspace/lib/Cake/Routing/Dispatcher.php:162
[30-Aug-2016 15:18:52 UTC] PHP   4. Controller->invokeAction() /home/ubuntu/workspace/lib/Cake/Routing/Dispatcher.php:187
[30-Aug-2016 15:18:52 UTC] PHP   5. ReflectionMethod->invokeArgs() /home/ubuntu/workspace/lib/Cake/Controller/Controller.php:490
[30-Aug-2016 15:18:52 UTC] PHP   6. PostsController->add() /home/ubuntu/workspace/lib/Cake/Controller/Controller.php:490
[30-Aug-2016 15:21:21 UTC] PHP Fatal error:  Call to undefined method FlashComponent::error() in /home/ubuntu/workspace/app/Controller/PostsController.php on line 30
[30-Aug-2016 15:21:21 UTC] PHP Stack trace:
[30-Aug-2016 15:21:21 UTC] PHP   1. {main}() /home/ubuntu/workspace/app/webroot/index.php:0
[30-Aug-2016 15:21:21 UTC] PHP   2. Dispatcher->dispatch() /home/ubuntu/workspace/app/webroot/index.php:110
[30-Aug-2016 15:21:21 UTC] PHP   3. Dispatcher->_invoke() /home/ubuntu/workspace/lib/Cake/Routing/Dispatcher.php:162
[30-Aug-2016 15:21:21 UTC] PHP   4. Controller->invokeAction() /home/ubuntu/workspace/lib/Cake/Routing/Dispatcher.php:187
[30-Aug-2016 15:21:21 UTC] PHP   5. ReflectionMethod->invokeArgs() /home/ubuntu/workspace/lib/Cake/Controller/Controller.php:490
[30-Aug-2016 15:21:21 UTC] PHP   6. PostsController->add() /home/ubuntu/workspace/lib/Cake/Controller/Controller.php:490
[30-Aug-2016 15:22:14 UTC] PHP Fatal error:  Call to undefined method FlashComponent::error() in /home/ubuntu/workspace/app/Controller/PostsController.php on line 30
[30-Aug-2016 15:22:14 UTC] PHP Stack trace:
[30-Aug-2016 15:22:14 UTC] PHP   1. {main}() /home/ubuntu/workspace/app/webroot/index.php:0
[30-Aug-2016 15:22:14 UTC] PHP   2. Dispatcher->dispatch() /home/ubuntu/workspace/app/webroot/index.php:110
[30-Aug-2016 15:22:14 UTC] PHP   3. Dispatcher->_invoke() /home/ubuntu/workspace/lib/Cake/Routing/Dispatcher.php:162
[30-Aug-2016 15:22:14 UTC] PHP   4. Controller->invokeAction() /home/ubuntu/workspace/lib/Cake/Routing/Dispatcher.php:187
[30-Aug-2016 15:22:14 UTC] PHP   5. ReflectionMethod->invokeArgs() /home/ubuntu/workspace/lib/Cake/Controller/Controller.php:490
[30-Aug-2016 15:22:14 UTC] PHP   6. PostsController->add() /home/ubuntu/workspace/lib/Cake/Controller/Controller.php:490
[30-Aug-2016 15:23:22 UTC] PHP Fatal error:  Call to undefined method FlashComponent::error() in /home/ubuntu/workspace/app/Controller/PostsController.php on line 30
[30-Aug-2016 15:23:22 UTC] PHP Stack trace:
[30-Aug-2016 15:23:22 UTC] PHP   1. {main}() /home/ubuntu/workspace/app/webroot/index.php:0
[30-Aug-2016 15:23:22 UTC] PHP   2. Dispatcher->dispatch() /home/ubuntu/workspace/app/webroot/index.php:110
[30-Aug-2016 15:23:22 UTC] PHP   3. Dispatcher->_invoke() /home/ubuntu/workspace/lib/Cake/Routing/Dispatcher.php:162
[30-Aug-2016 15:23:22 UTC] PHP   4. Controller->invokeAction() /home/ubuntu/workspace/lib/Cake/Routing/Dispatcher.php:187
[30-Aug-2016 15:23:22 UTC] PHP   5. ReflectionMethod->invokeArgs() /home/ubuntu/workspace/lib/Cake/Controller/Controller.php:490
[30-Aug-2016 15:23:22 UTC] PHP   6. PostsController->add() /home/ubuntu/workspace/lib/Cake/Controller/Controller.php:490
[31-Aug-2016 01:04:53 UTC] PHP Fatal error:  Call to undefined method FlashComponent::error() in /home/ubuntu/workspace/app/Controller/PostsController.php on line 30
[31-Aug-2016 01:04:53 UTC] PHP Stack trace:
[31-Aug-2016 01:04:53 UTC] PHP   1. {main}() /home/ubuntu/workspace/app/webroot/index.php:0
[31-Aug-2016 01:04:53 UTC] PHP   2. Dispatcher->dispatch() /home/ubuntu/workspace/app/webroot/index.php:110
[31-Aug-2016 01:04:53 UTC] PHP   3. Dispatcher->_invoke() /home/ubuntu/workspace/lib/Cake/Routing/Dispatcher.php:162
[31-Aug-2016 01:04:53 UTC] PHP   4. Controller->invokeAction() /home/ubuntu/workspace/lib/Cake/Routing/Dispatcher.php:187
[31-Aug-2016 01:04:53 UTC] PHP   5. ReflectionMethod->invokeArgs() /home/ubuntu/workspace/lib/Cake/Controller/Controller.php:490
[31-Aug-2016 01:04:53 UTC] PHP   6. PostsController->add() /home/ubuntu/workspace/lib/Cake/Controller/Controller.php:490
[31-Aug-2016 01:13:29 UTC] PHP Fatal error:  Call to undefined function setFlash() in /home/ubuntu/workspace/app/Controller/PostsController.php on line 27
[31-Aug-2016 01:13:29 UTC] PHP Stack trace:
[31-Aug-2016 01:13:29 UTC] PHP   1. {main}() /home/ubuntu/workspace/app/webroot/index.php:0
[31-Aug-2016 01:13:29 UTC] PHP   2. Dispatcher->dispatch() /home/ubuntu/workspace/app/webroot/index.php:110
[31-Aug-2016 01:13:29 UTC] PHP   3. Dispatcher->_invoke() /home/ubuntu/workspace/lib/Cake/Routing/Dispatcher.php:162
[31-Aug-2016 01:13:29 UTC] PHP   4. Controller->invokeAction() /home/ubuntu/workspace/lib/Cake/Routing/Dispatcher.php:187
[31-Aug-2016 01:13:29 UTC] PHP   5. ReflectionMethod->invokeArgs() /home/ubuntu/workspace/lib/Cake/Controller/Controller.php:490
[31-Aug-2016 01:13:29 UTC] PHP   6. PostsController->add() /home/ubuntu/workspace/lib/Cake/Controller/Controller.php:490
[31-Aug-2016 01:17:19 UTC] PHP Fatal error:  Call to undefined function setFlash() in /home/ubuntu/workspace/app/Controller/PostsController.php on line 27
[31-Aug-2016 01:17:19 UTC] PHP Stack trace:
[31-Aug-2016 01:17:19 UTC] PHP   1. {main}() /home/ubuntu/workspace/app/webroot/index.php:0
[31-Aug-2016 01:17:19 UTC] PHP   2. Dispatcher->dispatch() /home/ubuntu/workspace/app/webroot/index.php:110
[31-Aug-2016 01:17:19 UTC] PHP   3. Dispatcher->_invoke() /home/ubuntu/workspace/lib/Cake/Routing/Dispatcher.php:162
[31-Aug-2016 01:17:19 UTC] PHP   4. Controller->invokeAction() /home/ubuntu/workspace/lib/Cake/Routing/Dispatcher.php:187
[31-Aug-2016 01:17:19 UTC] PHP   5. ReflectionMethod->invokeArgs() /home/ubuntu/workspace/lib/Cake/Controller/Controller.php:490
[31-Aug-2016 01:17:19 UTC] PHP   6. PostsController->add() /home/ubuntu/workspace/lib/Cake/Controller/Controller.php:490
[31-Aug-2016 01:19:54 UTC] PHP Fatal error:  Call to undefined function setFlash() in /home/ubuntu/workspace/app/Controller/PostsController.php on line 27
[31-Aug-2016 01:19:54 UTC] PHP Stack trace:
[31-Aug-2016 01:19:54 UTC] PHP   1. {main}() /home/ubuntu/workspace/app/webroot/index.php:0
[31-Aug-2016 01:19:54 UTC] PHP   2. Dispatcher->dispatch() /home/ubuntu/workspace/app/webroot/index.php:110
[31-Aug-2016 01:19:54 UTC] PHP   3. Dispatcher->_invoke() /home/ubuntu/workspace/lib/Cake/Routing/Dispatcher.php:162
[31-Aug-2016 01:19:54 UTC] PHP   4. Controller->invokeAction() /home/ubuntu/workspace/lib/Cake/Routing/Dispatcher.php:187
[31-Aug-2016 01:19:54 UTC] PHP   5. ReflectionMethod->invokeArgs() /home/ubuntu/workspace/lib/Cake/Controller/Controller.php:490
[31-Aug-2016 01:19:54 UTC] PHP   6. PostsController->add() /home/ubuntu/workspace/lib/Cake/Controller/Controller.php:490
[31-Aug-2016 01:20:08 UTC] PHP Fatal error:  Call to undefined function setFlash() in /home/ubuntu/workspace/app/Controller/PostsController.php on line 27
[31-Aug-2016 01:20:08 UTC] PHP Stack trace:
[31-Aug-2016 01:20:08 UTC] PHP   1. {main}() /home/ubuntu/workspace/app/webroot/index.php:0
[31-Aug-2016 01:20:08 UTC] PHP   2. Dispatcher->dispatch() /home/ubuntu/workspace/app/webroot/index.php:110
[31-Aug-2016 01:20:08 UTC] PHP   3. Dispatcher->_invoke() /home/ubuntu/workspace/lib/Cake/Routing/Dispatcher.php:162
[31-Aug-2016 01:20:08 UTC] PHP   4. Controller->invokeAction() /home/ubuntu/workspace/lib/Cake/Routing/Dispatcher.php:187
[31-Aug-2016 01:20:08 UTC] PHP   5. ReflectionMethod->invokeArgs() /home/ubuntu/workspace/lib/Cake/Controller/Controller.php:490
[31-Aug-2016 01:20:08 UTC] PHP   6. PostsController->add() /home/ubuntu/workspace/lib/Cake/Controller/Controller.php:490
[31-Aug-2016 01:20:46 UTC] PHP Fatal error:  Call to undefined function setFlash() in /home/ubuntu/workspace/app/Controller/PostsController.php on line 27
[31-Aug-2016 01:20:46 UTC] PHP Stack trace:
[31-Aug-2016 01:20:46 UTC] PHP   1. {main}() /home/ubuntu/workspace/app/webroot/index.php:0
[31-Aug-2016 01:20:46 UTC] PHP   2. Dispatcher->dispatch() /home/ubuntu/workspace/app/webroot/index.php:110
[31-Aug-2016 01:20:46 UTC] PHP   3. Dispatcher->_invoke() /home/ubuntu/workspace/lib/Cake/Routing/Dispatcher.php:162
[31-Aug-2016 01:20:46 UTC] PHP   4. Controller->invokeAction() /home/ubuntu/workspace/lib/Cake/Routing/Dispatcher.php:187
[31-Aug-2016 01:20:46 UTC] PHP   5. ReflectionMethod->invokeArgs() /home/ubuntu/workspace/lib/Cake/Controller/Controller.php:490
[31-Aug-2016 01:20:46 UTC] PHP   6. PostsController->add() /home/ubuntu/workspace/lib/Cake/Controller/Controller.php:490
[31-Aug-2016 01:21:48 UTC] PHP Fatal error:  Call to undefined method FlashComponent::success() in /home/ubuntu/workspace/app/Controller/PostsController.php on line 26
[31-Aug-2016 01:21:48 UTC] PHP Stack trace:
[31-Aug-2016 01:21:48 UTC] PHP   1. {main}() /home/ubuntu/workspace/app/webroot/index.php:0
[31-Aug-2016 01:21:48 UTC] PHP   2. Dispatcher->dispatch() /home/ubuntu/workspace/app/webroot/index.php:110
[31-Aug-2016 01:21:48 UTC] PHP   3. Dispatcher->_invoke() /home/ubuntu/workspace/lib/Cake/Routing/Dispatcher.php:162
[31-Aug-2016 01:21:48 UTC] PHP   4. Controller->invokeAction() /home/ubuntu/workspace/lib/Cake/Routing/Dispatcher.php:187
[31-Aug-2016 01:21:48 UTC] PHP   5. ReflectionMethod->invokeArgs() /home/ubuntu/workspace/lib/Cake/Controller/Controller.php:490
[31-Aug-2016 01:21:48 UTC] PHP   6. PostsController->add() /home/ubuntu/workspace/lib/Cake/Controller/Controller.php:490
[31-Aug-2016 01:23:43 UTC] PHP Fatal error:  Call to undefined method FlashComponent::success() in /home/ubuntu/workspace/app/Controller/PostsController.php on line 26
[31-Aug-2016 01:23:43 UTC] PHP Stack trace:
[31-Aug-2016 01:23:43 UTC] PHP   1. {main}() /home/ubuntu/workspace/app/webroot/index.php:0
[31-Aug-2016 01:23:43 UTC] PHP   2. Dispatcher->dispatch() /home/ubuntu/workspace/app/webroot/index.php:110
[31-Aug-2016 01:23:43 UTC] PHP   3. Dispatcher->_invoke() /home/ubuntu/workspace/lib/Cake/Routing/Dispatcher.php:162
[31-Aug-2016 01:23:43 UTC] PHP   4. Controller->invokeAction() /home/ubuntu/workspace/lib/Cake/Routing/Dispatcher.php:187
[31-Aug-2016 01:23:43 UTC] PHP   5. ReflectionMethod->invokeArgs() /home/ubuntu/workspace/lib/Cake/Controller/Controller.php:490
[31-Aug-2016 01:23:43 UTC] PHP   6. PostsController->add() /home/ubuntu/workspace/lib/Cake/Controller/Controller.php:490
[31-Aug-2016 01:23:59 UTC] PHP Fatal error:  Call to undefined method FlashComponent::success() in /home/ubuntu/workspace/app/Controller/PostsController.php on line 26
[31-Aug-2016 01:23:59 UTC] PHP Stack trace:
[31-Aug-2016 01:23:59 UTC] PHP   1. {main}() /home/ubuntu/workspace/app/webroot/index.php:0
[31-Aug-2016 01:23:59 UTC] PHP   2. Dispatcher->dispatch() /home/ubuntu/workspace/app/webroot/index.php:110
[31-Aug-2016 01:23:59 UTC] PHP   3. Dispatcher->_invoke() /home/ubuntu/workspace/lib/Cake/Routing/Dispatcher.php:162
[31-Aug-2016 01:23:59 UTC] PHP   4. Controller->invokeAction() /home/ubuntu/workspace/lib/Cake/Routing/Dispatcher.php:187
[31-Aug-2016 01:23:59 UTC] PHP   5. ReflectionMethod->invokeArgs() /home/ubuntu/workspace/lib/Cake/Controller/Controller.php:490
[31-Aug-2016 01:23:59 UTC] PHP   6. PostsController->add() /home/ubuntu/workspace/lib/Cake/Controller/Controller.php:490
